i	j	k	Dose(Gy)       proton_1       proton_1       proton         proton         O16            O16            

0	0	0	8.06441e-09    7.73328e-09    32             0              0              0              0              
1	0	0	6.11813e-09    5.9673e-09     30             0              0              0              0              
2	0	0	5.54719e-09    5.54719e-09    30             0              0              0              0              
3	0	0	2.56582e-09    2.56582e-09    28             0              0              0              0              
4	0	0	2.91221e-09    2.77097e-09    28             0              0              0              0              
5	0	0	2.85976e-09    2.85976e-09    28             0              0              0              0              
6	0	0	2.69845e-09    2.69398e-09    28             0              0              0              0              
7	0	0	2.97809e-09    2.71653e-09    28             0              0              0              0              
8	0	0	3.0501e-09     2.78486e-09    28             0              0              0              0              
9	0	0	2.93987e-09    2.86175e-09    28             0              0              0              0              
10	0	0	2.88862e-09    2.7557e-09     28             0              0              0              0              
11	0	0	2.88645e-09    2.79355e-09    28             0              0              0              0              
12	0	0	2.66495e-09    2.56789e-09    28             0              0              0              0              
13	0	0	2.9308e-09     2.83439e-09    28             0              0              0              0              
14	0	0	2.85705e-09    2.79416e-09    28             0              0              0              0              
15	0	0	2.67376e-09    2.61124e-09    28             0              0              0              0              
16	0	0	3.02395e-09    2.98186e-09    28             0              0              0              0              
17	0	0	2.69263e-09    2.67686e-09    28             0              0              0              0              
18	0	0	3.1902e-09     3.00258e-09    28             0              0              0              0              
19	0	0	2.87813e-09    2.85634e-09    28             0              0              0              0              
20	0	0	2.83307e-09    2.76068e-09    28             0              0              0              0              
21	0	0	2.80579e-09    2.80579e-09    28             0              0              0              0              
22	0	0	2.6954e-09     2.6893e-09     28             0              0              0              0              
23	0	0	3.03213e-09    2.91057e-09    28             0              0              0              0              
24	0	0	3.0545e-09     2.77712e-09    28             0              0              0              0              
25	0	0	3.14204e-09    2.7634e-09     28             0              0              0              0              
26	0	0	2.97028e-09    2.69363e-09    28             0              0              0              0              
27	0	0	2.82135e-09    2.7309e-09     28             0              0              0              0              
28	0	0	2.92267e-09    2.77478e-09    28             0              0              0              0              
29	0	0	3.24427e-09    3.02857e-09    28             0              0              0              0              
30	0	0	2.82545e-09    2.63358e-09    28             0              0              0              0              
31	0	0	3.10056e-09    3.08328e-09    28             0              0              0              0              
32	0	0	2.92021e-09    2.83825e-09    28             0              0              0              0              
33	0	0	2.87527e-09    2.83773e-09    28             0              0              0              0              
34	0	0	2.96776e-09    2.86916e-09    28             0              0              0              0              
35	0	0	2.91179e-09    2.91179e-09    28             0              0              0              0              
36	0	0	2.74699e-09    2.74699e-09    28             0              0              0              0              
37	0	0	2.74997e-09    2.74997e-09    28             0              0              0              0              
38	0	0	2.76904e-09    2.76904e-09    28             0              0              0              0              
39	0	0	2.72593e-09    2.72593e-09    28             0              0              0              0              
40	0	0	3.01118e-09    2.96547e-09    28             0              0              0              0              
41	0	0	2.72453e-09    2.67913e-09    28             0              0              0              0              
42	0	0	3.02386e-09    2.93404e-09    28             0              0              0              0              
43	0	0	3.37743e-09    3.12846e-09    28             0              0              0              0              
44	0	0	3.06467e-09    3.05373e-09    28             0              0              0              0              
45	0	0	3.11489e-09    2.94339e-09    28             0              0              0              0              
46	0	0	2.88497e-09    2.88497e-09    28             0              0              0              0              
47	0	0	2.92732e-09    2.92732e-09    28             0              0              0              0              
48	0	0	2.89711e-09    2.89711e-09    28             0              0              0              0              
49	0	0	3.00792e-09    3.00792e-09    28             0              0              0              0              
50	0	0	3.04562e-09    2.9684e-09     28             0              0              0              0              
51	0	0	3.37989e-09    3.24587e-09    28             0              0              0              0              
52	0	0	2.9839e-09     2.97608e-09    28             0              0              0              0              
53	0	0	3.00741e-09    2.90581e-09    28             0              0              0              0              
54	0	0	3.02616e-09    2.98858e-09    28             0              0              0              0              
55	0	0	3.06318e-09    2.88555e-09    28             0              0              0              0              
56	0	0	2.99688e-09    2.90516e-09    28             0              0              0              0              
57	0	0	2.94302e-09    2.94302e-09    28             0              0              0              0              
58	0	0	2.81669e-09    2.8095e-09     28             0              0              0              0              
59	0	0	3.14674e-09    3.02875e-09    28             0              0              0              0              
60	0	0	2.95801e-09    2.86815e-09    28             0              0              0              0              
61	0	0	2.77457e-09    2.77457e-09    28             0              0              0              0              
62	0	0	2.87263e-09    2.86371e-09    28             0              0              0              0              
63	0	0	3.20136e-09    3.16694e-09    28             0              0              0              0              
64	0	0	3.37732e-09    3.22087e-09    28             0              0              0              0              
65	0	0	2.74374e-09    2.7124e-09     28             0              0              0              0              
66	0	0	3.13249e-09    3.04054e-09    28             0              0              0              0              
67	0	0	3.01287e-09    2.91455e-09    28             0              0              0              0              
68	0	0	3.0533e-09     3.0533e-09     28             0              0              0              0              
69	0	0	3.04506e-09    3.04506e-09    28             0              0              0              0              
70	0	0	2.91305e-09    2.91305e-09    28             0              0              0              0              
71	0	0	3.20585e-09    3.19295e-09    28             0              0              0              0              
72	0	0	3.31157e-09    3.13653e-09    28             0              0              0              0              
73	0	0	3.46913e-09    3.10443e-09    28             0              0              0              0              
74	0	0	3.22689e-09    3.13144e-09    28             0              0              0              0              
75	0	0	3.24549e-09    3.18392e-09    28             0              0              0              0              
76	0	0	3.01316e-09    2.96393e-09    28             0              0              0              0              
77	0	0	3.25936e-09    3.20704e-09    28             0              0              0              0              
78	0	0	3.15339e-09    3.04818e-09    28             0              0              0              0              
79	0	0	2.91485e-09    2.85353e-09    28             0              0              0              0              
80	0	0	3.10025e-09    3.10025e-09    28             0              0              0              0              
81	0	0	3.35403e-09    3.35403e-09    28             0              0              0              0              
82	0	0	2.97524e-09    2.97524e-09    28             0              0              0              0              
83	0	0	3.21738e-09    3.21738e-09    28             0              0              0              0              
84	0	0	3.11639e-09    3.01781e-09    28             0              0              0              0              
85	0	0	3.02044e-09    3.02044e-09    28             0              0              0              0              
86	0	0	3.09466e-09    3.09466e-09    28             0              0              0              0              
87	0	0	3.20577e-09    3.1864e-09     28             0              0              0              0              
88	0	0	3.17762e-09    3.07014e-09    28             0              0              0              0              
89	0	0	3.01918e-09    2.93594e-09    28             0              0              0              0              
90	0	0	3.02142e-09    3.02142e-09    28             0              0              0              0              
91	0	0	2.90446e-09    2.90446e-09    28             0              0              0              0              
92	0	0	3.29795e-09    3.0236e-09     28             0              0              0              0              
93	0	0	3.07809e-09    3.07809e-09    28             0              0              0              0              
94	0	0	3.02185e-09    2.9764e-09     28             0              0              0              0              
95	0	0	3.33663e-09    3.23381e-09    28             0              0              0              0              
96	0	0	3.18415e-09    3.11211e-09    28             0              0              0              0              
97	0	0	3.34753e-09    3.09551e-09    28             0              0              0              0              
98	0	0	3.51451e-09    3.47778e-09    28             0              0              0              0              
99	0	0	3.39697e-09    3.39697e-09    28             0              0              0              0              
100	0	0	2.95606e-09    2.95606e-09    28             0              0              0              0              
101	0	0	3.14752e-09    3.14752e-09    28             0              0              0              0              
102	0	0	3.01653e-09    3.01653e-09    28             0              0              0              0              
103	0	0	3.24086e-09    3.04124e-09    28             0              0              0              0              
104	0	0	3.262e-09      3.1758e-09     28             0              0              0              0              
105	0	0	3.65187e-09    3.33789e-09    28             0              0              0              0              
106	0	0	3.38739e-09    3.34165e-09    28             0              0              0              0              
107	0	0	3.25395e-09    3.02542e-09    28             0              0              0              0              
108	0	0	3.31157e-09    3.24971e-09    28             0              0              0              0              
109	0	0	3.45358e-09    3.39592e-09    28             0              0              0              0              
110	0	0	3.25171e-09    3.25171e-09    28             0              0              0              0              
111	0	0	3.52377e-09    3.46743e-09    28             0              0              0              0              
112	0	0	3.66102e-09    3.56088e-09    28             0              0              0              0              
113	0	0	3.56215e-09    3.31561e-09    28             0              0              0              0              
114	0	0	3.87024e-09    3.66511e-09    28             0              0              0              0              
115	0	0	3.55981e-09    3.27328e-09    28             0              0              0              0              
116	0	0	3.37511e-09    3.37511e-09    28             0              0              0              0              
117	0	0	3.50919e-09    3.40818e-09    28             0              0              0              0              
118	0	0	3.53469e-09    3.52922e-09    28             0              0              0              0              
119	0	0	3.20278e-09    3.20278e-09    28             0              0              0              0              
120	0	0	3.41756e-09    3.39698e-09    28             0              0              0              0              
121	0	0	3.36467e-09    3.28273e-09    28             0              0              0              0              
122	0	0	3.30333e-09    3.30333e-09    28             0              0              0              0              
123	0	0	3.49403e-09    3.49403e-09    28             0              0              0              0              
124	0	0	3.29241e-09    3.2083e-09     28             0              0              0              0              
125	0	0	3.42784e-09    3.33353e-09    28             0              0              0              0              
126	0	0	3.70556e-09    3.57601e-09    28             0              0              0              0              
127	0	0	3.49948e-09    3.46322e-09    28             0              0              0              0              
128	0	0	3.73981e-09    3.67736e-09    28             0              0              0              0              
129	0	0	3.62975e-09    3.49956e-09    28             0              0              0              0              
130	0	0	3.50649e-09    3.43601e-09    28             0              0              0              0              
131	0	0	3.57493e-09    3.47765e-09    28             0              0              0              0              
132	0	0	3.7884e-09     3.56722e-09    28             0              0              0              0              
133	0	0	3.5484e-09     3.43261e-09    28             0              0              0              0              
134	0	0	3.46147e-09    3.39117e-09    28             0              0              0              0              
135	0	0	3.41064e-09    3.41064e-09    28             0              0              0              0              
136	0	0	3.44802e-09    3.44802e-09    28             0              0              0              0              
137	0	0	3.43237e-09    3.43237e-09    28             0              0              0              0              
138	0	0	3.45077e-09    3.45077e-09    28             0              0              0              0              
139	0	0	3.49751e-09    3.49751e-09    28             0              0              0              0              
140	0	0	3.49927e-09    3.48655e-09    28             0              0              0              0              
141	0	0	3.68443e-09    3.59934e-09    28             0              0              0              0              
142	0	0	3.54739e-09    3.37235e-09    28             0              0              0              0              
143	0	0	3.95945e-09    3.69983e-09    28             0              0              0              0              
144	0	0	3.84659e-09    3.76262e-09    28             0              0              0              0              
145	0	0	3.86787e-09    3.79032e-09    28             0              0              0              0              
146	0	0	3.82309e-09    3.72964e-09    28             0              0              0              0              
147	0	0	3.52746e-09    3.5181e-09     28             0              0              0              0              
148	0	0	3.89168e-09    3.79965e-09    28             0              0              0              0              
149	0	0	3.79038e-09    3.6986e-09     28             0              0              0              0              
150	0	0	3.68555e-09    3.67655e-09    28             0              0              0              0              
151	0	0	3.83469e-09    3.73789e-09    28             0              0              0              0              
152	0	0	3.55193e-09    3.55193e-09    28             0              0              0              0              
153	0	0	3.71385e-09    3.70715e-09    28             0              0              0              0              
154	0	0	3.97178e-09    3.87421e-09    28             0              0              0              0              
155	0	0	3.99359e-09    3.99359e-09    28             0              0              0              0              
156	0	0	4.24773e-09    4.20468e-09    28             0              0              3.92652e-11    1              
157	0	0	4.38792e-09    4.29384e-09    28             0              0              0              0              
158	0	0	4.73883e-09    4.64894e-09    28             0              0              0              0              
159	0	0	4.87285e-09    4.87285e-09    28             0              0              0              0              
160	0	0	4.91747e-09    4.91747e-09    28             0              0              0              0              
161	0	0	3.49802e-09    3.49802e-09    27             0              0              0              0              
162	0	0	3.36669e-09    3.26851e-09    27             0              0              0              0              
163	0	0	3.36881e-09    3.3656e-09     27             0              0              0              0              
164	0	0	3.51115e-09    3.42751e-09    27             0              0              0              0              
165	0	0	3.28336e-09    3.18675e-09    27             0              0              0              0              
166	0	0	3.38988e-09    3.29303e-09    27             0              0              0              0              
167	0	0	3.55926e-09    3.44649e-09    27             0              0              0              0              
168	0	0	3.41212e-09    3.2959e-09     27             0              0              0              0              
169	0	0	3.62428e-09    3.46506e-09    27             0              0              0              0              
170	0	0	3.5574e-09     3.53272e-09    27             0              0              0              0              
171	0	0	3.42841e-09    3.33696e-09    27             0              0              0              0              
172	0	0	3.56746e-09    3.48849e-09    27             0              0              0              0              
173	0	0	3.50646e-09    3.50646e-09    27             0              0              0              0              
174	0	0	3.46152e-09    3.3905e-09     27             0              0              0              0              
175	0	0	3.61168e-09    3.59227e-09    27             0              0              0              0              
176	0	0	3.23279e-09    3.11672e-09    27             0              0              0              0              
177	0	0	3.59328e-09    3.48107e-09    27             0              0              0              0              
178	0	0	3.62566e-09    3.57818e-09    27             0              0              0              0              
179	0	0	3.36993e-09    3.35015e-09    27             0              0              0              0              
180	0	0	3.63594e-09    3.46168e-09    27             0              0              0              0              
181	0	0	3.5522e-09     3.5522e-09     27             0              0              0              0              
182	0	0	3.48323e-09    3.48323e-09    27             0              0              0              0              
183	0	0	3.42686e-09    3.42686e-09    27             0              0              0              0              
184	0	0	4.05383e-09    4.05383e-09    27             0              0              0              0              
185	0	0	3.51532e-09    3.51532e-09    27             0              0              0              0              
186	0	0	3.69542e-09    3.69542e-09    27             0              0              0              0              
187	0	0	3.73804e-09    3.64622e-09    27             0              0              0              0              
188	0	0	3.87573e-09    3.69265e-09    27             0              0              0              0              
189	0	0	3.58179e-09    3.58179e-09    27             0              0              0              0              
190	0	0	3.35755e-09    3.35493e-09    27             0              0              0              0              
191	0	0	3.66231e-09    3.57765e-09    27             0              0              0              0              
192	0	0	3.56103e-09    3.47387e-09    27             0              0              0              0              
193	0	0	3.85003e-09    3.84746e-09    27             0              0              0              0              
194	0	0	3.525e-09      3.43575e-09    27             0              0              0              0              
195	0	0	3.88186e-09    3.83736e-09    27             0              0              0              0              
196	0	0	3.58298e-09    3.54096e-09    27             0              0              0              0              
197	0	0	3.82689e-09    3.82689e-09    27             0              0              0              0              
198	0	0	3.56515e-09    3.56515e-09    27             0              0              0              0              
199	0	0	3.54831e-09    3.54831e-09    27             0              0              0              0              
200	0	0	3.66086e-09    3.66086e-09    27             0              0              0              0              
201	0	0	3.90269e-09    3.90269e-09    27             0              0              0              0              
202	0	0	3.94093e-09    3.94093e-09    27             0              0              0              0              
203	0	0	3.78912e-09    3.78912e-09    27             0              0              0              0              
204	0	0	3.81239e-09    3.81239e-09    27             0              0              0              0              
205	0	0	3.75734e-09    3.75734e-09    27             0              0              0              0              
206	0	0	3.73852e-09    3.72048e-09    27             0              0              0              0              
207	0	0	3.83365e-09    3.76543e-09    27             0              0              0              0              
208	0	0	3.71e-09       3.71e-09       27             0              0              0              0              
209	0	0	4.14147e-09    4.14147e-09    27             0              0              0              0              
210	0	0	3.71502e-09    3.71502e-09    27             0              0              0              0              
211	0	0	4.0558e-09     4.0558e-09     27             0              0              0              0              
212	0	0	3.83744e-09    3.83744e-09    27             0              0              0              0              
213	0	0	3.71918e-09    3.71918e-09    27             0              0              0              0              
214	0	0	4.16545e-09    4.16545e-09    27             0              0              0              0              
215	0	0	3.85463e-09    3.85463e-09    27             0              0              0              0              
216	0	0	3.94212e-09    3.94212e-09    27             0              0              0              0              
217	0	0	3.90619e-09    3.90619e-09    27             0              0              0              0              
218	0	0	3.85514e-09    3.85514e-09    27             0              0              0              0              
219	0	0	3.85447e-09    3.85447e-09    27             0              0              0              0              
220	0	0	3.94163e-09    3.94163e-09    27             0              0              0              0              
221	0	0	5.7083e-09     4.03457e-09    27             1.58381e-09    1              0              0              
222	0	0	6.9585e-09     3.96621e-09    27             2.99229e-09    1              0              0              
223	0	0	5.55054e-09    4.17064e-09    27             1.3799e-09     1              0              0              
224	0	0	4.23284e-09    4.23284e-09    27             0              0              0              0              
225	0	0	4.05942e-09    4.05942e-09    27             0              0              0              0              
226	0	0	4.01476e-09    4.01476e-09    27             0              0              0              0              
227	0	0	4.06569e-09    4.06569e-09    27             0              0              0              0              
228	0	0	4.06981e-09    4.06981e-09    27             0              0              0              0              
229	0	0	4.12199e-09    4.12199e-09    27             0              0              0              0              
230	0	0	3.98632e-09    3.98632e-09    27             0              0              0              0              
231	0	0	4.2104e-09     4.2104e-09     27             0              0              0              0              
232	0	0	4.30003e-09    4.30003e-09    27             0              0              0              0              
233	0	0	3.99925e-09    3.99925e-09    27             0              0              0              0              
234	0	0	4.04407e-09    4.04407e-09    27             0              0              0              0              
235	0	0	4.01501e-09    4.01501e-09    27             0              0              0              0              
236	0	0	4.16451e-09    4.16451e-09    27             0              0              0              0              
237	0	0	3.98025e-09    3.98025e-09    27             0              0              0              0              
238	0	0	4.31123e-09    4.31123e-09    27             0              0              0              0              
239	0	0	4.1871e-09     4.1871e-09     27             0              0              0              0              
240	0	0	4.39978e-09    4.39978e-09    27             0              0              0              0              
241	0	0	4.13394e-09    4.13394e-09    27             0              0              0              0              
242	0	0	4.42629e-09    4.42629e-09    27             0              0              0              0              
243	0	0	4.39578e-09    4.39578e-09    27             0              0              0              0              
244	0	0	4.45773e-09    4.45773e-09    27             0              0              0              0              
245	0	0	4.22003e-09    4.22003e-09    27             0              0              0              0              
246	0	0	4.54125e-09    4.54125e-09    27             0              0              0              0              
247	0	0	4.61378e-09    4.61378e-09    27             0              0              0              0              
248	0	0	4.27066e-09    4.27066e-09    27             0              0              0              0              
249	0	0	4.41474e-09    4.41474e-09    27             0              0              0              0              
250	0	0	4.28594e-09    4.28594e-09    27             0              0              0              0              
251	0	0	4.56337e-09    4.56337e-09    27             0              0              0              0              
252	0	0	4.51942e-09    4.51942e-09    27             0              0              0              0              
253	0	0	4.37393e-09    4.37393e-09    27             0              0              0              0              
254	0	0	4.5467e-09     4.5467e-09     27             0              0              0              0              
255	0	0	4.5595e-09     4.5595e-09     27             0              0              0              0              
256	0	0	4.40513e-09    4.40513e-09    27             0              0              0              0              
257	0	0	4.46313e-09    4.46313e-09    27             0              0              0              0              
258	0	0	4.47676e-09    4.47676e-09    27             0              0              0              0              
259	0	0	4.90061e-09    4.90061e-09    27             0              0              0              0              
260	0	0	4.66625e-09    4.66625e-09    27             0              0              0              0              
261	0	0	4.69533e-09    4.69533e-09    27             0              0              0              0              
262	0	0	4.48376e-09    4.48376e-09    27             0              0              0              0              
263	0	0	4.65821e-09    4.65821e-09    27             0              0              0              0              
264	0	0	4.73147e-09    4.73147e-09    27             0              0              0              0              
265	0	0	4.72485e-09    4.72485e-09    27             0              0              0              0              
266	0	0	5.10416e-09    5.10416e-09    27             0              0              0              0              
267	0	0	4.72488e-09    4.72488e-09    27             0              0              0              0              
268	0	0	4.67336e-09    4.67336e-09    27             0              0              0              0              
269	0	0	4.76444e-09    4.76444e-09    27             0              0              0              0              
270	0	0	4.86115e-09    4.86115e-09    27             0              0              0              0              
271	0	0	4.74296e-09    4.74296e-09    27             0              0              0              0              
272	0	0	4.78294e-09    4.78294e-09    27             0              0              0              0              
273	0	0	4.82971e-09    4.82971e-09    27             0              0              0              0              
274	0	0	4.71884e-09    4.71884e-09    27             0              0              0              0              
275	0	0	4.72526e-09    4.72526e-09    27             0              0              0              0              
276	0	0	4.90508e-09    4.90508e-09    27             0              0              0              0              
277	0	0	4.89319e-09    4.89319e-09    27             0              0              0              0              
278	0	0	4.93983e-09    4.93983e-09    27             0              0              0              0              
279	0	0	4.89867e-09    4.89867e-09    27             0              0              0              0              
280	0	0	4.94491e-09    4.94491e-09    27             0              0              0              0              
281	0	0	5.03145e-09    5.03145e-09    27             0              0              0              0              
282	0	0	5.12582e-09    5.12582e-09    27             0              0              0              0              
283	0	0	5.16666e-09    5.16666e-09    27             0              0              0              0              
284	0	0	5.04525e-09    5.04525e-09    27             0              0              0              0              
285	0	0	5.16975e-09    5.16975e-09    27             0              0              0              0              
286	0	0	5.29824e-09    5.29824e-09    27             0              0              0              0              
287	0	0	5.34839e-09    5.34839e-09    27             0              0              0              0              
288	0	0	5.16431e-09    5.16431e-09    27             0              0              0              0              
289	0	0	5.31808e-09    5.31808e-09    27             0              0              0              0              
290	0	0	5.21114e-09    5.21114e-09    27             0              0              0              0              
291	0	0	5.30459e-09    5.30459e-09    27             0              0              0              0              
292	0	0	5.42284e-09    5.42284e-09    27             0              0              0              0              
293	0	0	5.44409e-09    5.44409e-09    27             0              0              0              0              
294	0	0	5.69455e-09    5.69455e-09    27             0              0              0              0              
295	0	0	5.46155e-09    5.46155e-09    27             0              0              0              0              
296	0	0	5.5072e-09     5.5072e-09     27             0              0              0              0              
297	0	0	5.32735e-09    5.32735e-09    27             0              0              0              0              
298	0	0	5.57967e-09    5.57967e-09    27             0              0              0              0              
299	0	0	5.72781e-09    5.72781e-09    27             0              0              0              0              
300	0	0	5.66311e-09    5.66311e-09    27             0              0              0              0              
301	0	0	5.85567e-09    5.85567e-09    27             0              0              0              0              
302	0	0	5.79163e-09    5.79163e-09    27             0              0              0              0              
303	0	0	5.51632e-09    5.51632e-09    27             0              0              0              0              
304	0	0	5.99129e-09    5.99129e-09    27             0              0              0              0              
305	0	0	6.0995e-09     6.0995e-09     27             0              0              0              0              
306	0	0	5.66322e-09    5.66322e-09    27             0              0              0              0              
307	0	0	5.77688e-09    5.77688e-09    27             0              0              0              0              
308	0	0	5.89918e-09    5.89918e-09    27             0              0              0              0              
309	0	0	6.12174e-09    6.12174e-09    27             0              0              0              0              
310	0	0	6.28262e-09    6.28262e-09    27             0              0              0              0              
311	0	0	6.2561e-09     6.2561e-09     27             0              0              0              0              
312	0	0	6.21308e-09    6.21308e-09    27             0              0              0              0              
313	0	0	6.49222e-09    6.49222e-09    27             0              0              0              0              
314	0	0	6.45062e-09    6.45062e-09    27             0              0              0              0              
315	0	0	6.4941e-09     6.4941e-09     27             0              0              0              0              
316	0	0	6.34104e-09    6.34104e-09    27             0              0              0              0              
317	0	0	6.6635e-09     6.6635e-09     27             0              0              0              0              
318	0	0	6.72171e-09    6.72171e-09    27             0              0              0              0              
319	0	0	6.55326e-09    6.55326e-09    27             0              0              0              0              
320	0	0	6.49374e-09    6.49374e-09    27             0              0              0              0              
321	0	0	6.68904e-09    6.68904e-09    27             0              0              0              0              
322	0	0	6.84103e-09    6.84103e-09    27             0              0              0              0              
323	0	0	6.87476e-09    6.87476e-09    27             0              0              0              0              
324	0	0	7.11334e-09    7.11334e-09    27             0              0              0              0              
325	0	0	7.22564e-09    7.22564e-09    27             0              0              0              0              
326	0	0	7.32882e-09    7.32882e-09    27             0              0              0              0              
327	0	0	7.2556e-09     7.2556e-09     27             0              0              0              0              
328	0	0	8.0301e-09     8.0301e-09     27             0              0              0              0              
329	0	0	8.14848e-09    8.14848e-09    27             0              0              0              0              
330	0	0	8.98574e-09    8.98574e-09    27             0              0              0              0              
331	0	0	7.89506e-09    7.89506e-09    27             0              0              0              0              
332	0	0	7.19632e-09    7.19632e-09    26             0              0              0              0              
333	0	0	7.06858e-09    7.06858e-09    26             0              0              0              0              
334	0	0	7.49757e-09    7.49757e-09    26             0              0              0              0              
335	0	0	7.46327e-09    7.46327e-09    26             0              0              0              0              
336	0	0	7.58375e-09    7.58375e-09    26             0              0              0              0              
337	0	0	7.7839e-09     7.7839e-09     26             0              0              0              0              
338	0	0	7.61146e-09    7.61146e-09    26             0              0              0              0              
339	0	0	7.66615e-09    7.66615e-09    26             0              0              0              0              
340	0	0	7.74067e-09    7.74067e-09    26             0              0              0              0              
341	0	0	8.35614e-09    8.35614e-09    26             0              0              0              0              
342	0	0	8.2864e-09     8.2864e-09     26             0              0              0              0              
343	0	0	8.98441e-09    8.98441e-09    26             0              0              0              0              
344	0	0	9.35364e-09    9.35364e-09    26             0              0              0              0              
345	0	0	9.09203e-09    9.09203e-09    26             0              0              0              0              
346	0	0	8.17231e-09    8.17231e-09    25             0              0              0              0              
347	0	0	8.27108e-09    8.27108e-09    25             0              0              0              0              
348	0	0	8.37553e-09    8.37553e-09    25             0              0              0              0              
349	0	0	8.53051e-09    8.53051e-09    25             0              0              0              0              
350	0	0	8.84014e-09    8.84014e-09    25             0              0              0              0              
351	0	0	8.91319e-09    8.91319e-09    25             0              0              0              0              
352	0	0	9.00707e-09    9.00707e-09    25             0              0              0              0              
353	0	0	9.16919e-09    9.16919e-09    25             0              0              0              0              
354	0	0	9.31769e-09    9.31769e-09    25             0              0              0              0              
355	0	0	9.6171e-09     9.6171e-09     25             0              0              0              0              
356	0	0	9.94273e-09    9.94273e-09    25             0              0              0              0              
357	0	0	1.05177e-08    1.05177e-08    25             0              0              0              0              
358	0	0	1.05058e-08    1.05058e-08    25             0              0              0              0              
359	0	0	1.08961e-08    1.08961e-08    25             0              0              0              0              
360	0	0	1.14622e-08    1.14622e-08    25             0              0              0              0              
361	0	0	1.18693e-08    1.18693e-08    25             0              0              0              0              
362	0	0	1.24398e-08    1.24398e-08    25             0              0              0              0              
363	0	0	1.31096e-08    1.31096e-08    25             0              0              0              0              
364	0	0	1.34907e-08    1.34907e-08    25             0              0              0              0              
365	0	0	1.46591e-08    1.46591e-08    25             0              0              0              0              
366	0	0	1.59378e-08    1.59378e-08    25             0              0              0              0              
367	0	0	1.77699e-08    1.77699e-08    25             0              0              0              0              
368	0	0	2.12288e-08    2.12288e-08    25             0              0              0              0              
369	0	0	2.08144e-08    2.08144e-08    25             0              0              0              0              
370	0	0	1.87867e-08    1.87867e-08    21             0              0              0              0              
371	0	0	2.21973e-08    2.21973e-08    20             0              0              0              0              
372	0	0	2.08422e-08    2.08422e-08    17             0              0              0              0              
373	0	0	1.32176e-08    1.32176e-08    12             0              0              0              0              
374	0	0	8.75345e-09    8.75345e-09    8              0              0              0              0              
375	0	0	6.97789e-09    6.97789e-09    6              0              0              0              0              
376	0	0	4.23411e-09    4.23411e-09    4              0              0              0              0              
377	0	0	5.46867e-09    5.46867e-09    4              0              0              0              0              
378	0	0	2.1392e-09     2.1392e-09     2              0              0              0              0              
379	0	0	3.29121e-09    3.29121e-09    2              0              0              0              0              
380	0	0	2.53155e-09    2.53155e-09    2              0              0              0              0              