i	j	k	Dose(Gy)       proton_1       proton_1       proton         proton         O16            O16            

0	0	0	7.37483e-10    7.34877e-10    25             0              0              0              0              
1	0	0	6.86459e-10    6.86459e-10    25             0              0              0              0              
2	0	0	7.08543e-10    6.96429e-10    25             0              0              0              0              
3	0	0	7.21382e-10    6.78093e-10    25             0              0              0              0              
4	0	0	7.68811e-10    7.58159e-10    25             0              0              0              0              
5	0	0	7.20093e-10    7.01848e-10    25             0              0              0              0              
6	0	0	7.12208e-10    7.12208e-10    25             0              0              0              0              
7	0	0	7.80782e-10    7.58794e-10    25             0              0              0              0              
8	0	0	7.46655e-10    7.17815e-10    25             0              0              0              0              
9	0	0	7.03961e-10    7.01021e-10    25             0              0              0              0              
10	0	0	8.06772e-10    7.6407e-10     25             0              0              0              0              
11	0	0	7.50391e-10    7.50391e-10    25             0              0              0              0              
12	0	0	7.59923e-10    7.54466e-10    25             0              0              0              0              
13	0	0	7.65903e-10    7.48136e-10    25             0              0              0              0              
14	0	0	7.54887e-10    7.31382e-10    25             0              0              0              0              
15	0	0	7.85407e-10    7.53252e-10    25             0              0              0              0              
16	0	0	8.1981e-10     7.80159e-10    25             0              0              0              0              
17	0	0	7.54156e-10    7.4707e-10     25             0              0              0              0              
18	0	0	7.32294e-10    7.13655e-10    25             0              0              0              0              
19	0	0	8.23824e-10    8.01086e-10    25             0              0              0              0              
20	0	0	8.52619e-10    8.49348e-10    25             0              0              0              0              
21	0	0	7.88203e-10    7.63025e-10    25             0              0              0              0              
22	0	0	7.89581e-10    7.65131e-10    25             0              0              0              0              
23	0	0	7.27808e-10    7.27808e-10    25             0              0              0              0              
24	0	0	7.54712e-10    7.53221e-10    25             0              0              0              0              
25	0	0	8.04697e-10    7.81085e-10    25             0              0              0              0              
26	0	0	7.27507e-10    7.27507e-10    25             0              0              0              0              
27	0	0	8.06257e-10    8.06257e-10    25             0              0              0              0              
28	0	0	8.1523e-10     8.1523e-10     25             0              0              0              0              
29	0	0	7.7574e-10     7.7574e-10     25             0              0              0              0              
30	0	0	7.69223e-10    7.69223e-10    25             0              0              0              0              
31	0	0	8.39853e-10    8.39853e-10    25             0              0              0              0              
32	0	0	8.17101e-10    7.94015e-10    25             0              0              0              0              
33	0	0	7.91552e-10    7.76491e-10    25             0              0              0              0              
34	0	0	7.83685e-10    7.71929e-10    25             0              0              0              0              
35	0	0	7.98558e-10    7.64276e-10    25             0              0              0              0              
36	0	0	8.13863e-10    7.97406e-10    25             0              0              0              0              
37	0	0	7.8785e-10     7.8785e-10     25             0              0              0              0              
38	0	0	7.8238e-10     7.8238e-10     25             0              0              0              0              
39	0	0	7.93663e-10    7.93663e-10    25             0              0              0              0              
40	0	0	8.163e-10      8.163e-10      25             0              0              0              0              
41	0	0	8.32332e-10    8.09529e-10    25             0              0              0              0              
42	0	0	7.89923e-10    7.89923e-10    25             0              0              0              0              
43	0	0	8.45721e-10    8.37478e-10    25             0              0              0              0              
44	0	0	8.55137e-10    8.35181e-10    25             0              0              0              0              
45	0	0	7.98316e-10    7.94721e-10    25             0              0              0              0              
46	0	0	8.47626e-10    8.24072e-10    25             0              0              0              0              
47	0	0	8.32447e-10    8.32447e-10    25             0              0              0              0              
48	0	0	8.13842e-10    7.9172e-10     25             0              0              0              0              
49	0	0	8.55328e-10    8.26213e-10    25             0              0              0              0              
50	0	0	8.74346e-10    8.74346e-10    25             0              0              0              0              
51	0	0	8.41453e-10    8.41453e-10    25             0              0              0              0              
52	0	0	8.821e-10      8.77543e-10    25             0              0              0              0              
53	0	0	9.31997e-10    9.09883e-10    25             0              0              0              0              
54	0	0	9.2706e-10     9.26693e-10    25             0              0              0              0              
55	0	0	9.4802e-10     9.24183e-10    25             0              0              0              0              
56	0	0	8.37521e-10    8.37521e-10    25             0              0              0              0              
57	0	0	9.43713e-10    9.21316e-10    25             0              0              0              0              
58	0	0	1.02698e-09    9.59306e-10    25             0              0              0              0              
59	0	0	9.15127e-10    9.15127e-10    25             0              0              0              0              
60	0	0	9.43927e-10    9.43927e-10    25             0              0              0              0              
61	0	0	9.67799e-10    9.5282e-10     25             0              0              0              0              
62	0	0	1.02509e-09    9.51587e-10    25             0              0              0              0              
63	0	0	1.08673e-09    1.05252e-09    25             0              0              0              0              
64	0	0	1.26607e-09    1.26607e-09    25             0              0              0              0              
65	0	0	9.16401e-10    9.16401e-10    25             0              0              0              0              
66	0	0	8.09969e-10    8.09969e-10    24             0              0              0              0              
67	0	0	7.40458e-10    7.40458e-10    24             0              0              0              0              
68	0	0	7.77339e-10    7.75566e-10    24             0              0              0              0              
69	0	0	7.44775e-10    7.20031e-10    24             0              0              0              0              
70	0	0	8.06045e-10    8.06045e-10    24             0              0              0              0              
71	0	0	8.29276e-10    8.29276e-10    24             0              0              0              0              
72	0	0	7.96585e-10    7.96585e-10    24             0              0              0              0              
73	0	0	7.7593e-10     7.61593e-10    24             0              0              0              0              
74	0	0	7.56469e-10    7.4658e-10     24             0              0              0              0              
75	0	0	8.47196e-10    8.00357e-10    24             0              0              0              0              
76	0	0	7.84836e-10    7.75188e-10    24             0              0              0              0              
77	0	0	7.58739e-10    7.42944e-10    24             0              0              0              0              
78	0	0	8.35468e-10    7.88271e-10    24             0              0              0              0              
79	0	0	7.84517e-10    7.84517e-10    24             0              0              0              0              
80	0	0	7.86215e-10    7.86215e-10    24             0              0              0              0              
81	0	0	7.8108e-10     7.8108e-10     24             0              0              0              0              
82	0	0	7.51578e-10    7.51578e-10    24             0              0              0              0              
83	0	0	8.09195e-10    8.09195e-10    24             0              0              0              0              
84	0	0	8.22792e-10    8.22792e-10    24             0              0              0              0              
85	0	0	8.03744e-10    8.03744e-10    24             0              0              0              0              
86	0	0	8.87408e-10    8.73249e-10    24             0              0              0              0              
87	0	0	8.4683e-10     8.05977e-10    24             0              0              0              0              
88	0	0	8.07098e-10    7.83001e-10    24             0              0              0              0              
89	0	0	9.0757e-10     9.05598e-10    24             0              0              0              0              
90	0	0	8.44386e-10    8.21772e-10    24             0              0              0              0              
91	0	0	8.70428e-10    8.70428e-10    24             0              0              0              0              
92	0	0	7.82311e-10    7.82311e-10    24             0              0              0              0              
93	0	0	8.61569e-10    8.61569e-10    24             0              0              0              0              
94	0	0	8.21237e-10    8.21237e-10    24             0              0              0              0              
95	0	0	8.22704e-10    8.19208e-10    24             0              0              0              0              
96	0	0	8.68193e-10    8.46113e-10    24             0              0              0              0              
97	0	0	8.23922e-10    8.03562e-10    24             0              0              0              0              
98	0	0	8.80342e-10    8.80342e-10    24             0              0              0              0              
99	0	0	8.33956e-10    8.11375e-10    24             0              0              0              0              
100	0	0	8.97835e-10    8.97835e-10    24             0              0              0              0              
101	0	0	8.26914e-10    8.26914e-10    24             0              0              0              0              
102	0	0	8.60904e-10    8.60904e-10    24             0              0              0              0              
103	0	0	8.66338e-10    8.66338e-10    24             0              0              0              0              
104	0	0	8.579e-10      8.3849e-10     24             0              0              0              0              
105	0	0	8.42054e-10    8.31862e-10    24             0              0              0              0              
106	0	0	8.43182e-10    8.15899e-10    24             0              0              0              0              
107	0	0	8.24376e-10    8.00303e-10    24             0              0              0              0              
108	0	0	8.62092e-10    8.44332e-10    24             0              0              0              0              
109	0	0	8.01961e-10    8.01961e-10    24             0              0              0              0              
110	0	0	8.34577e-10    8.34577e-10    24             0              0              0              0              
111	0	0	8.48328e-10    8.47404e-10    24             0              0              0              0              
112	0	0	8.89315e-10    8.68388e-10    24             0              0              0              0              
113	0	0	9.21291e-10    9.20066e-10    24             0              0              0              0              
114	0	0	9.43664e-10    8.75029e-10    24             0              0              0              0              
115	0	0	8.93835e-10    8.82537e-10    24             0              0              0              0              
116	0	0	8.50578e-10    8.3838e-10     24             0              0              1.21981e-11    1              
117	0	0	8.59287e-10    8.59287e-10    24             0              0              0              0              
118	0	0	8.47328e-10    8.47328e-10    24             0              0              0              0              
119	0	0	8.6259e-10     8.6259e-10     24             0              0              0              0              
120	0	0	9.46305e-10    9.46305e-10    24             0              0              0              0              
121	0	0	9.8656e-10     9.8656e-10     24             0              0              0              0              
122	0	0	8.53402e-10    8.53402e-10    24             0              0              0              0              
123	0	0	9.22623e-10    9.22623e-10    24             0              0              0              0              
124	0	0	8.98657e-10    8.98657e-10    24             0              0              0              0              
125	0	0	9.36393e-10    9.36393e-10    24             0              0              0              0              
126	0	0	8.92924e-10    8.92924e-10    24             0              0              0              0              
127	0	0	9.3151e-10     9.3151e-10     24             0              0              0              0              
128	0	0	9.27553e-10    9.27553e-10    24             0              0              0              0              
129	0	0	8.77295e-10    8.77295e-10    24             0              0              0              0              
130	0	0	9.08887e-10    9.08887e-10    24             0              0              0              0              
131	0	0	9.47621e-10    9.47621e-10    24             0              0              0              0              
132	0	0	9.43132e-10    9.43132e-10    24             0              0              0              0              
133	0	0	9.75146e-10    9.75146e-10    24             0              0              0              0              
134	0	0	9.15522e-10    9.15522e-10    24             0              0              0              0              
135	0	0	8.69119e-10    8.69119e-10    24             0              0              0              0              
136	0	0	9.33079e-10    9.33079e-10    24             0              0              0              0              
137	0	0	9.65913e-10    9.65913e-10    24             0              0              0              0              
138	0	0	9.94705e-10    9.94705e-10    24             0              0              0              0              
139	0	0	9.55973e-10    9.55973e-10    24             0              0              0              0              
140	0	0	9.62527e-10    9.62527e-10    24             0              0              0              0              
141	0	0	9.11243e-10    9.11243e-10    24             0              0              0              0              
142	0	0	1.00535e-09    1.00535e-09    24             0              0              0              0              
143	0	0	9.30758e-10    9.30758e-10    24             0              0              0              0              
144	0	0	1.03323e-09    9.58307e-10    24             0              0              7.49182e-11    1              
145	0	0	1.01113e-09    1.01113e-09    24             0              0              0              0              
146	0	0	1.08056e-09    1.08056e-09    24             0              0              0              0              
147	0	0	1.02629e-09    1.02629e-09    24             0              0              0              0              
148	0	0	9.3254e-10     9.3254e-10     24             0              0              0              0              
149	0	0	1.05786e-09    1.05786e-09    24             0              0              0              0              
150	0	0	1.01401e-09    1.01401e-09    24             0              0              0              0              
151	0	0	9.96298e-10    9.96298e-10    24             0              0              0              0              
152	0	0	1.01643e-09    1.01643e-09    24             0              0              0              0              
153	0	0	9.90748e-10    9.90748e-10    24             0              0              0              0              
154	0	0	1.06218e-09    1.06218e-09    24             0              0              0              0              
155	0	0	1.03725e-09    1.03725e-09    24             0              0              0              0              
156	0	0	9.84436e-10    9.84436e-10    24             0              0              0              0              
157	0	0	9.84151e-10    9.84151e-10    24             0              0              0              0              
158	0	0	1.05098e-09    1.05098e-09    24             0              0              0              0              
159	0	0	1.01768e-09    1.01768e-09    24             0              0              0              0              
160	0	0	1.02679e-09    1.02679e-09    24             0              0              0              0              
161	0	0	1.08355e-09    1.08355e-09    24             0              0              0              0              
162	0	0	1.04955e-09    1.04955e-09    24             0              0              0              0              
163	0	0	1.05978e-09    1.05978e-09    24             0              0              0              0              
164	0	0	1.01609e-09    1.01609e-09    24             0              0              0              0              
165	0	0	1.08714e-09    1.08714e-09    24             0              0              0              0              
166	0	0	1.07337e-09    1.07337e-09    24             0              0              0              0              
167	0	0	1.06386e-09    1.06386e-09    24             0              0              0              0              
168	0	0	1.03252e-09    1.03252e-09    24             0              0              0              0              
169	0	0	1.05184e-09    1.05184e-09    24             0              0              0              0              
170	0	0	1.0628e-09     1.0628e-09     24             0              0              0              0              
171	0	0	1.0885e-09     1.0885e-09     24             0              0              0              0              
172	0	0	1.05952e-09    1.05952e-09    24             0              0              0              0              
173	0	0	1.11899e-09    1.11899e-09    24             0              0              0              0              
174	0	0	1.12946e-09    1.12946e-09    24             0              0              0              0              
175	0	0	1.13071e-09    1.13071e-09    24             0              0              0              0              
176	0	0	1.15816e-09    1.15816e-09    24             0              0              0              0              
177	0	0	1.09833e-09    1.09833e-09    24             0              0              0              0              
178	0	0	1.12205e-09    1.12205e-09    24             0              0              0              0              
179	0	0	1.17923e-09    1.17923e-09    24             0              0              0              0              
180	0	0	1.17055e-09    1.17055e-09    24             0              0              0              0              
181	0	0	1.12361e-09    1.12361e-09    24             0              0              0              0              
182	0	0	1.15467e-09    1.15467e-09    24             0              0              0              0              
183	0	0	1.11887e-09    1.11887e-09    24             0              0              0              0              
184	0	0	1.22289e-09    1.22289e-09    24             0              0              0              0              
185	0	0	1.14794e-09    1.14794e-09    24             0              0              0              0              
186	0	0	1.17445e-09    1.17445e-09    24             0              0              0              0              
187	0	0	1.18108e-09    1.18108e-09    24             0              0              0              0              
188	0	0	1.17579e-09    1.17579e-09    24             0              0              0              0              
189	0	0	1.1779e-09     1.1779e-09     24             0              0              0              0              
190	0	0	1.21533e-09    1.21533e-09    24             0              0              0              0              
191	0	0	1.1762e-09     1.1762e-09     24             0              0              0              0              
192	0	0	1.22579e-09    1.22579e-09    24             0              0              0              0              
193	0	0	1.27002e-09    1.27002e-09    24             0              0              0              0              
194	0	0	1.2516e-09     1.2516e-09     24             0              0              0              0              
195	0	0	1.24251e-09    1.24251e-09    24             0              0              0              0              
196	0	0	1.26742e-09    1.26742e-09    24             0              0              0              0              
197	0	0	1.32874e-09    1.32874e-09    24             0              0              0              0              
198	0	0	1.27046e-09    1.27046e-09    24             0              0              0              0              
199	0	0	1.27542e-09    1.27542e-09    24             0              0              0              0              
200	0	0	1.326e-09      1.326e-09      24             0              0              0              0              
201	0	0	1.29627e-09    1.29627e-09    24             0              0              0              0              
202	0	0	1.31446e-09    1.31446e-09    24             0              0              0              0              
203	0	0	1.33736e-09    1.33736e-09    24             0              0              0              0              
204	0	0	1.36888e-09    1.36888e-09    24             0              0              0              0              
205	0	0	1.35548e-09    1.35548e-09    24             0              0              0              0              
206	0	0	1.4125e-09     1.4125e-09     24             0              0              0              0              
207	0	0	1.43369e-09    1.43369e-09    24             0              0              0              0              
208	0	0	1.45504e-09    1.45504e-09    24             0              0              0              0              
209	0	0	1.47281e-09    1.47281e-09    24             0              0              0              0              
210	0	0	1.48964e-09    1.48964e-09    24             0              0              0              0              
211	0	0	1.61477e-09    1.61477e-09    24             0              0              0              0              
212	0	0	1.7124e-09     1.7124e-09     24             0              0              0              0              
213	0	0	1.30033e-09    1.30033e-09    23             0              0              0              0              
214	0	0	1.30552e-09    1.30552e-09    23             0              0              0              0              
215	0	0	1.36108e-09    1.36108e-09    23             0              0              0              0              
216	0	0	1.3123e-09     1.3123e-09     23             0              0              0              0              
217	0	0	1.34151e-09    1.34151e-09    23             0              0              0              0              
218	0	0	1.3559e-09     1.3559e-09     23             0              0              0              0              
219	0	0	1.40186e-09    1.40186e-09    23             0              0              0              0              
220	0	0	1.41236e-09    1.41236e-09    23             0              0              0              0              
221	0	0	1.39463e-09    1.39463e-09    23             0              0              0              0              
222	0	0	1.42534e-09    1.42534e-09    23             0              0              0              0              
223	0	0	1.4347e-09     1.4347e-09     23             0              0              0              0              
224	0	0	1.41074e-09    1.41074e-09    23             0              0              0              0              
225	0	0	1.41698e-09    1.41698e-09    23             0              0              0              0              
226	0	0	1.45724e-09    1.45724e-09    23             0              0              0              0              
227	0	0	1.52117e-09    1.52117e-09    23             0              0              0              0              
228	0	0	1.50436e-09    1.50436e-09    23             0              0              0              0              
229	0	0	1.46522e-09    1.46522e-09    23             0              0              0              0              
230	0	0	1.56907e-09    1.56907e-09    23             0              0              0              0              
231	0	0	1.56292e-09    1.56292e-09    23             0              0              0              0              
232	0	0	1.51431e-09    1.51431e-09    23             0              0              0              0              
233	0	0	1.59173e-09    1.59173e-09    23             0              0              0              0              
234	0	0	1.59543e-09    1.59543e-09    23             0              0              0              0              
235	0	0	1.65442e-09    1.65442e-09    23             0              0              0              0              
236	0	0	1.66473e-09    1.66473e-09    23             0              0              0              0              
237	0	0	1.6053e-09     1.6053e-09     23             0              0              0              0              
238	0	0	1.66711e-09    1.66711e-09    23             0              0              0              0              
239	0	0	1.72339e-09    1.72339e-09    23             0              0              0              0              
240	0	0	1.74075e-09    1.74075e-09    23             0              0              0              0              
241	0	0	1.75579e-09    1.75579e-09    23             0              0              0              0              
242	0	0	1.76664e-09    1.76664e-09    23             0              0              0              0              
243	0	0	1.88219e-09    1.88219e-09    23             0              0              0              0              
244	0	0	1.82883e-09    1.82883e-09    23             0              0              0              0              
245	0	0	1.90502e-09    1.90502e-09    23             0              0              0              0              
246	0	0	1.84708e-09    1.84708e-09    23             0              0              0              0              
247	0	0	1.95838e-09    1.95838e-09    23             0              0              0              0              
248	0	0	1.996e-09      1.996e-09      23             0              0              0              0              
249	0	0	2.01998e-09    2.01998e-09    23             0              0              0              0              
250	0	0	2.06698e-09    2.06698e-09    23             0              0              0              0              
251	0	0	2.08549e-09    2.08549e-09    23             0              0              0              0              
252	0	0	2.21096e-09    2.21096e-09    23             0              0              0              0              
253	0	0	2.32377e-09    2.32377e-09    23             0              0              0              0              
254	0	0	2.25561e-09    2.25561e-09    23             0              0              0              0              
255	0	0	2.41927e-09    2.41927e-09    23             0              0              0              0              
256	0	0	2.39504e-09    2.39504e-09    23             0              0              0              0              
257	0	0	2.53808e-09    2.53808e-09    23             0              0              0              0              
258	0	0	2.63866e-09    2.63866e-09    23             0              0              0              0              
259	0	0	2.73359e-09    2.73359e-09    23             0              0              0              0              
260	0	0	2.90082e-09    2.90082e-09    23             0              0              0              0              
261	0	0	3.15028e-09    3.15028e-09    23             0              0              0              0              
262	0	0	3.26271e-09    3.26271e-09    23             0              0              0              0              
263	0	0	3.11708e-09    3.11708e-09    22             0              0              0              0              
264	0	0	3.32274e-09    3.32274e-09    22             0              0              0              0              
265	0	0	3.77577e-09    3.77577e-09    22             0              0              0              0              
266	0	0	3.99691e-09    3.99691e-09    22             0              0              0              0              
267	0	0	3.70808e-09    3.70808e-09    20             0              0              0              0              
268	0	0	4.3142e-09     4.3142e-09     20             0              0              0              0              
269	0	0	5.31385e-09    5.31385e-09    20             0              0              0              0              
270	0	0	4.66458e-09    4.66458e-09    17             0              0              0              0              
271	0	0	2.79847e-09    2.79847e-09    13             0              0              0              0              
272	0	0	2.5635e-09     2.5635e-09     10             0              0              0              0              
273	0	0	2.68727e-09    2.68727e-09    9              0              0              0              0              
274	0	0	1.77006e-09    1.77006e-09    7              0              0              0              0              
275	0	0	1.98374e-09    1.98374e-09    6              0              0              0              0              
276	0	0	1.55802e-09    1.55802e-09    5              0              0              0              0              
277	0	0	7.51632e-10    7.51632e-10    2              0              0              0              0              
680	0	0	3.29266e-10    0              0              3.29266e-10    1              0              0              
684	0	0	6.77452e-12    0              0              0              0              6.77452e-12    1              
697	0	0	2.2044e-10     0              0              0              0              2.2044e-10     1              
714	0	0	7.22508e-12    0              0              0              0              0              0              
730	0	0	1.49173e-10    0              0              1.49173e-10    1              0              0              
742	0	0	1.53016e-11    0              0              1.53016e-11    1              0              0              
758	0	0	3.79442e-10    0              0              3.79442e-10    1              0              0              
759	0	0	6.96965e-10    0              0              6.96965e-10    1              0              0              
776	0	0	3.06535e-12    0              0              0              0              0              0              
777	0	0	4.94432e-12    0              0              0              0              0              0              
778	0	0	3.93134e-12    0              0              0              0              0              0              
779	0	0	5.55206e-12    0              0              0              0              0              0              
780	0	0	4.09804e-12    0              0              0              0              0              0              
781	0	0	7.03064e-12    0              0              0              0              0              0              
782	0	0	5.76393e-12    0              0              0              0              0              0              
783	0	0	9.31277e-12    0              0              0              0              0              0              
784	0	0	4.2525e-12     0              0              0              0              0              0              
785	0	0	4.58869e-12    0              0              0              0              0              0              
786	0	0	4.34574e-12    0              0              0              0              0              0              
787	0	0	4.39236e-12    0              0              0              0              0              0              
788	0	0	3.81318e-12    0              0              0              0              0              0              
789	0	0	3.25157e-12    0              0              0              0              0              0              
790	0	0	4.69071e-12    0              0              0              0              0              0              
791	0	0	3.97097e-12    0              0              0              0              0              0              
792	0	0	7.44466e-12    0              0              0              0              0              0              
793	0	0	4.49845e-12    0              0              0              0              0              0              
794	0	0	7.46883e-12    0              0              0              0              0              0              
795	0	0	7.32618e-12    0              0              0              0              0              0              
796	0	0	2.61035e-11    0              0              0              0              0              0              
797	0	0	3.09021e-11    0              0              0              0              0              0              
798	0	0	4.74719e-11    0              0              0              0              0              0              
799	0	0	2.33685e-11    0              0              0              0              0              0              