i	j	k	Dose(Gy)       proton_1       proton_1       O16            O16            

0	0	0	2.62639e-09    2.53268e-09    17             0              0              
1	0	0	2.44676e-09    2.44676e-09    17             0              0              
2	0	0	2.48812e-09    2.39621e-09    17             0              0              
3	0	0	2.53172e-09    2.53172e-09    17             0              0              
4	0	0	2.47087e-09    2.47087e-09    17             0              0              
5	0	0	2.51121e-09    2.51121e-09    17             0              0              
6	0	0	2.59483e-09    2.59483e-09    17             0              0              
7	0	0	2.45676e-09    2.45676e-09    17             0              0              
8	0	0	2.63348e-09    2.63348e-09    17             0              0              
9	0	0	2.57599e-09    2.57599e-09    17             0              0              
10	0	0	2.58635e-09    2.58635e-09    17             0              0              
11	0	0	2.52918e-09    2.52918e-09    17             0              0              
12	0	0	2.63332e-09    2.57758e-09    17             0              0              
13	0	0	2.7617e-09     2.73038e-09    17             0              0              
14	0	0	2.52337e-09    2.52337e-09    17             0              0              
15	0	0	2.54263e-09    2.54263e-09    17             0              0              
16	0	0	2.70069e-09    2.70069e-09    17             0              0              
17	0	0	2.77226e-09    2.77226e-09    17             0              0              
18	0	0	3.02037e-09    3.02037e-09    17             0              0              
19	0	0	2.68157e-09    2.68157e-09    17             0              0              
20	0	0	2.76065e-09    2.76065e-09    17             0              0              
21	0	0	2.7878e-09     2.7878e-09     17             0              0              
22	0	0	2.8947e-09     2.8947e-09     17             0              0              
23	0	0	2.8378e-09     2.8339e-09     17             0              0              
24	0	0	3.13493e-09    3.04631e-09    17             0              0              
25	0	0	2.87783e-09    2.87783e-09    17             0              0              
26	0	0	3.2732e-09     3.18366e-09    17             0              0              
27	0	0	3.26992e-09    3.26992e-09    17             0              0              
28	0	0	3.3721e-09     3.3721e-09     17             0              0              
29	0	0	3.65356e-09    3.65356e-09    17             0              0              
30	0	0	4.18201e-09    4.18201e-09    17             0              0              
31	0	0	2.30604e-09    2.30604e-09    16             0              0              
32	0	0	2.24113e-09    2.24113e-09    16             0              0              
33	0	0	2.3505e-09     2.3505e-09     16             0              0              
34	0	0	2.34925e-09    2.34925e-09    16             0              0              
35	0	0	2.52257e-09    2.52257e-09    16             0              0              
36	0	0	2.42529e-09    2.42529e-09    16             0              0              
37	0	0	2.52497e-09    2.52497e-09    16             0              0              
38	0	0	2.46192e-09    2.46192e-09    16             0              0              
39	0	0	2.54716e-09    2.54716e-09    16             0              0              
40	0	0	2.56681e-09    2.56681e-09    16             0              0              
41	0	0	2.37399e-09    2.37399e-09    16             0              0              
42	0	0	2.43088e-09    2.43088e-09    16             0              0              
43	0	0	2.49619e-09    2.49619e-09    16             0              0              
44	0	0	2.38318e-09    2.38318e-09    16             0              0              
45	0	0	2.45984e-09    2.45984e-09    16             0              0              
46	0	0	2.61131e-09    2.61131e-09    16             0              0              
47	0	0	2.59826e-09    2.59826e-09    16             0              0              
48	0	0	2.56882e-09    2.56882e-09    16             0              0              
49	0	0	2.52569e-09    2.52569e-09    16             0              0              
50	0	0	2.56312e-09    2.56312e-09    16             0              0              
51	0	0	2.50848e-09    2.50848e-09    16             0              0              
52	0	0	2.51275e-09    2.51275e-09    16             0              0              
53	0	0	2.57757e-09    2.57757e-09    16             0              0              
54	0	0	2.65213e-09    2.65213e-09    16             0              0              
55	0	0	2.66279e-09    2.66279e-09    16             0              0              
56	0	0	2.58278e-09    2.58278e-09    16             0              0              
57	0	0	2.62338e-09    2.62338e-09    16             0              0              
58	0	0	2.58319e-09    2.58319e-09    16             0              0              
59	0	0	2.54629e-09    2.54629e-09    16             0              0              
60	0	0	2.58682e-09    2.58682e-09    16             0              0              
61	0	0	2.53518e-09    2.53518e-09    16             0              0              
62	0	0	2.47657e-09    2.47657e-09    16             0              0              
63	0	0	2.72903e-09    2.72903e-09    16             0              0              
64	0	0	2.63043e-09    2.63043e-09    16             0              0              
65	0	0	2.83383e-09    2.83383e-09    16             0              0              
66	0	0	2.79806e-09    2.79806e-09    16             0              0              
67	0	0	2.61836e-09    2.61836e-09    16             0              0              
68	0	0	2.80227e-09    2.80227e-09    16             0              0              
69	0	0	2.96615e-09    2.96615e-09    16             0              0              
70	0	0	2.9054e-09     2.9054e-09     16             0              0              
71	0	0	2.86858e-09    2.86858e-09    16             0              0              
72	0	0	2.93337e-09    2.93337e-09    16             0              0              
73	0	0	2.74526e-09    2.74526e-09    16             0              0              
74	0	0	2.71647e-09    2.71647e-09    16             0              0              
75	0	0	2.81724e-09    2.81724e-09    16             0              0              
76	0	0	3.07349e-09    3.07349e-09    16             0              0              
77	0	0	2.90223e-09    2.90223e-09    16             0              0              
78	0	0	3.11007e-09    3.11007e-09    16             0              0              
79	0	0	3.32047e-09    3.32047e-09    16             0              0              
80	0	0	2.90299e-09    2.90299e-09    16             0              0              
81	0	0	3.01741e-09    3.01741e-09    16             0              0              
82	0	0	2.86148e-09    2.86148e-09    16             0              0              
83	0	0	2.91402e-09    2.91402e-09    16             0              0              
84	0	0	3.07078e-09    3.07078e-09    16             0              0              
85	0	0	3.00869e-09    3.00869e-09    16             0              0              
86	0	0	2.87313e-09    2.87313e-09    16             0              0              
87	0	0	3.2991e-09     3.2991e-09     16             0              0              
88	0	0	3.16537e-09    3.16537e-09    16             0              0              
89	0	0	2.95643e-09    2.95643e-09    16             0              0              
90	0	0	3.07123e-09    3.07123e-09    16             0              0              
91	0	0	3.34734e-09    3.34734e-09    16             0              0              
92	0	0	3.12478e-09    3.12478e-09    16             0              0              
93	0	0	3.05445e-09    3.05445e-09    16             0              0              
94	0	0	3.2327e-09     3.2327e-09     16             0              0              
95	0	0	3.58547e-09    3.58547e-09    16             0              0              
96	0	0	3.29436e-09    3.29436e-09    16             0              0              
97	0	0	3.48108e-09    3.48108e-09    16             0              0              
98	0	0	3.56539e-09    3.56539e-09    16             0              0              
99	0	0	3.76013e-09    3.76013e-09    16             0              0              
100	0	0	4.20065e-09    4.20065e-09    16             0              0              
101	0	0	4.88988e-09    4.88988e-09    16             0              0              
102	0	0	2.74304e-09    2.74304e-09    15             0              0              
103	0	0	2.76395e-09    2.76395e-09    15             0              0              
104	0	0	2.8457e-09     2.8457e-09     15             0              0              
105	0	0	2.83744e-09    2.83744e-09    15             0              0              
106	0	0	2.88184e-09    2.88184e-09    15             0              0              
107	0	0	2.8593e-09     2.8593e-09     15             0              0              
108	0	0	2.73799e-09    2.73799e-09    15             0              0              
109	0	0	2.98885e-09    2.98885e-09    15             0              0              
110	0	0	2.98681e-09    2.98681e-09    15             0              0              
111	0	0	3.03122e-09    3.03122e-09    15             0              0              
112	0	0	2.9575e-09     2.9575e-09     15             0              0              
113	0	0	3.04847e-09    3.04847e-09    15             0              0              
114	0	0	3.30269e-09    3.30269e-09    15             0              0              
115	0	0	3.28131e-09    3.28131e-09    15             0              0              
116	0	0	3.087e-09      3.087e-09      15             0              0              
117	0	0	3.17154e-09    3.17154e-09    15             0              0              
118	0	0	3.22076e-09    3.22076e-09    15             0              0              
119	0	0	3.06333e-09    3.06333e-09    15             0              0              
120	0	0	3.37573e-09    3.37573e-09    15             0              0              
121	0	0	3.16701e-09    3.16701e-09    15             0              0              
122	0	0	3.18127e-09    3.18127e-09    15             0              0              
123	0	0	3.50015e-09    3.23886e-09    15             2.61296e-10    1              
124	0	0	3.40755e-09    3.40755e-09    15             0              0              
125	0	0	3.47159e-09    3.47159e-09    15             0              0              
126	0	0	3.40742e-09    3.40742e-09    15             0              0              
127	0	0	3.43179e-09    3.43179e-09    15             0              0              
128	0	0	3.46878e-09    3.46878e-09    15             0              0              
129	0	0	3.34656e-09    3.34656e-09    15             0              0              
130	0	0	3.49188e-09    3.49188e-09    15             0              0              
131	0	0	3.6011e-09     3.6011e-09     15             0              0              
132	0	0	3.63406e-09    3.63406e-09    15             0              0              
133	0	0	3.7515e-09     3.7515e-09     15             0              0              
134	0	0	3.64615e-09    3.64615e-09    15             0              0              
135	0	0	3.66617e-09    3.66617e-09    15             0              0              
136	0	0	3.63097e-09    3.63097e-09    15             0              0              
137	0	0	3.67027e-09    3.67027e-09    15             0              0              
138	0	0	3.66202e-09    3.66202e-09    15             0              0              
139	0	0	3.92051e-09    3.92051e-09    15             0              0              
140	0	0	3.81811e-09    3.81811e-09    15             0              0              
141	0	0	3.93569e-09    3.93569e-09    15             0              0              
142	0	0	3.90749e-09    3.90749e-09    15             0              0              
143	0	0	3.84141e-09    3.84141e-09    15             0              0              
144	0	0	4.1521e-09     4.1521e-09     15             0              0              
145	0	0	4.02052e-09    4.02052e-09    15             0              0              
146	0	0	4.12853e-09    4.12853e-09    15             0              0              
147	0	0	3.97948e-09    3.97948e-09    15             0              0              
148	0	0	4.09996e-09    4.09996e-09    15             0              0              
149	0	0	4.35791e-09    4.35791e-09    15             0              0              
150	0	0	4.19799e-09    4.19799e-09    15             0              0              
151	0	0	4.24975e-09    4.24975e-09    15             0              0              
152	0	0	4.41818e-09    4.41818e-09    15             0              0              
153	0	0	4.41266e-09    4.41266e-09    15             0              0              
154	0	0	4.32382e-09    4.32382e-09    15             0              0              
155	0	0	4.47618e-09    4.47618e-09    15             0              0              
156	0	0	4.64824e-09    4.64824e-09    15             0              0              
157	0	0	4.76856e-09    4.76856e-09    15             0              0              
158	0	0	4.62067e-09    4.62067e-09    15             0              0              
159	0	0	4.89721e-09    4.89721e-09    15             0              0              
160	0	0	5.15299e-09    5.15299e-09    15             0              0              
161	0	0	4.88467e-09    4.88467e-09    15             0              0              
162	0	0	4.97404e-09    4.97404e-09    15             0              0              
163	0	0	5.05871e-09    5.05871e-09    15             0              0              
164	0	0	5.54899e-09    5.48627e-09    15             6.27192e-11    1              
165	0	0	5.53868e-09    5.53868e-09    15             0              0              
166	0	0	5.56233e-09    5.56233e-09    15             0              0              
167	0	0	5.61218e-09    5.61218e-09    15             0              0              
168	0	0	5.7569e-09     5.7569e-09     15             0              0              
169	0	0	6.13136e-09    6.13136e-09    15             0              0              
170	0	0	6.19696e-09    6.19696e-09    15             0              0              
171	0	0	6.53233e-09    6.53233e-09    15             0              0              
172	0	0	6.60749e-09    6.60749e-09    15             0              0              
173	0	0	6.99122e-09    6.99122e-09    15             0              0              
174	0	0	7.35243e-09    7.35243e-09    15             0              0              
175	0	0	7.45787e-09    7.45787e-09    15             0              0              
176	0	0	8.04867e-09    8.04867e-09    15             0              0              
177	0	0	8.28818e-09    8.28818e-09    15             0              0              
178	0	0	8.80737e-09    8.80737e-09    15             0              0              
179	0	0	9.86673e-09    9.86673e-09    15             0              0              
180	0	0	1.1069e-08     1.1069e-08     15             0              0              
181	0	0	1.25559e-08    1.25559e-08    15             0              0              
182	0	0	1.14917e-08    1.14917e-08    14             0              0              
183	0	0	1.28145e-08    1.28145e-08    13             0              0              
184	0	0	1.01835e-08    1.01835e-08    12             0              0              
185	0	0	1.17641e-08    1.17641e-08    10             0              0              
186	0	0	1.13053e-08    1.13053e-08    9              0              0              
187	0	0	7.4002e-09     7.4002e-09     6              0              0              
188	0	0	5.79264e-09    5.79264e-09    4              0              0              
189	0	0	3.8768e-09     3.8768e-09     2              0              0              
190	0	0	6.47082e-10    6.47082e-10    1              0              0              